<?xml version="1.0" encoding="UTF-8"?>
<!-- Generated by org.testng.reporters.JUnitReportReporter -->
<testsuite hostname="MSI" failures="0" tests="1" name="automation.LoginTest" time="93.435" errors="0" timestamp="26 Oct 2021 18:59:29 GMT" skipped="0">
  <testcase classname="automation.LoginTest" name="TestRunner" time="93.435"/>
</testsuite> <!-- automation.LoginTest -->
